<?xml version="1.0" encoding="UTF-8"?>
<testsuite xmlns:xsi="http://www.w3.org/2001/XMLSchema-instance" xsi:noNamespaceSchemaLocation="https://maven.apache.org/surefire/maven-surefire-plugin/xsd/surefire-test-report.xsd" version="3.0.2" name="com.example.TliasWebManagementApplicationTests" time="2.565" tests="1" errors="0" skipped="0" failures="0">
  <properties>
    <property name="java.specification.version" value="17"/>
    <property name="sun.cpu.isalist" value="amd64"/>
    <property name="sun.jnu.encoding" value="GBK"/>
    <property name="java.class.path" value="F:\JB\web-ai-project02\tlias-web-management\target\test-classes;F:\JB\web-ai-project02\tlias-web-management\target\classes;D:\mvn\mvn_house\org\springframework\boot\spring-boot-starter-web\3.4.7\spring-boot-starter-web-3.4.7.jar;D:\mvn\mvn_house\org\springframework\boot\spring-boot-starter\3.4.7\spring-boot-starter-3.4.7.jar;D:\mvn\mvn_house\org\springframework\boot\spring-boot\3.4.7\spring-boot-3.4.7.jar;D:\mvn\mvn_house\org\springframework\boot\spring-boot-autoconfigure\3.4.7\spring-boot-autoconfigure-3.4.7.jar;D:\mvn\mvn_house\org\springframework\boot\spring-boot-starter-logging\3.4.7\spring-boot-starter-logging-3.4.7.jar;D:\mvn\mvn_house\ch\qos\logback\logback-classic\1.5.18\logback-classic-1.5.18.jar;D:\mvn\mvn_house\ch\qos\logback\logback-core\1.5.18\logback-core-1.5.18.jar;D:\mvn\mvn_house\org\apache\logging\log4j\log4j-to-slf4j\2.24.3\log4j-to-slf4j-2.24.3.jar;D:\mvn\mvn_house\org\apache\logging\log4j\log4j-api\2.24.3\log4j-api-2.24.3.jar;D:\mvn\mvn_house\org\slf4j\jul-to-slf4j\2.0.17\jul-to-slf4j-2.0.17.jar;D:\mvn\mvn_house\jakarta\annotation\jakarta.annotation-api\2.1.1\jakarta.annotation-api-2.1.1.jar;D:\mvn\mvn_house\org\yaml\snakeyaml\2.3\snakeyaml-2.3.jar;D:\mvn\mvn_house\org\springframework\boot\spring-boot-starter-json\3.4.7\spring-boot-starter-json-3.4.7.jar;D:\mvn\mvn_house\com\fasterxml\jackson\core\jackson-databind\2.18.4\jackson-databind-2.18.4.jar;D:\mvn\mvn_house\com\fasterxml\jackson\core\jackson-annotations\2.18.4\jackson-annotations-2.18.4.jar;D:\mvn\mvn_house\com\fasterxml\jackson\core\jackson-core\2.18.4.1\jackson-core-2.18.4.1.jar;D:\mvn\mvn_house\com\fasterxml\jackson\datatype\jackson-datatype-jdk8\2.18.4\jackson-datatype-jdk8-2.18.4.jar;D:\mvn\mvn_house\com\fasterxml\jackson\datatype\jackson-datatype-jsr310\2.18.4\jackson-datatype-jsr310-2.18.4.jar;D:\mvn\mvn_house\com\fasterxml\jackson\module\jackson-module-parameter-names\2.18.4\jackson-module-parameter-names-2.18.4.jar;D:\mvn\mvn_house\org\springframework\boot\spring-boot-starter-tomcat\3.4.7\spring-boot-starter-tomcat-3.4.7.jar;D:\mvn\mvn_house\org\apache\tomcat\embed\tomcat-embed-core\10.1.42\tomcat-embed-core-10.1.42.jar;D:\mvn\mvn_house\org\apache\tomcat\embed\tomcat-embed-el\10.1.42\tomcat-embed-el-10.1.42.jar;D:\mvn\mvn_house\org\apache\tomcat\embed\tomcat-embed-websocket\10.1.42\tomcat-embed-websocket-10.1.42.jar;D:\mvn\mvn_house\org\springframework\spring-web\6.2.8\spring-web-6.2.8.jar;D:\mvn\mvn_house\org\springframework\spring-beans\6.2.8\spring-beans-6.2.8.jar;D:\mvn\mvn_house\io\micrometer\micrometer-observation\1.14.8\micrometer-observation-1.14.8.jar;D:\mvn\mvn_house\io\micrometer\micrometer-commons\1.14.8\micrometer-commons-1.14.8.jar;D:\mvn\mvn_house\org\springframework\spring-webmvc\6.2.8\spring-webmvc-6.2.8.jar;D:\mvn\mvn_house\org\springframework\spring-aop\6.2.8\spring-aop-6.2.8.jar;D:\mvn\mvn_house\org\springframework\spring-context\6.2.8\spring-context-6.2.8.jar;D:\mvn\mvn_house\org\springframework\spring-expression\6.2.8\spring-expression-6.2.8.jar;D:\mvn\mvn_house\org\mybatis\spring\boot\mybatis-spring-boot-starter\3.0.4\mybatis-spring-boot-starter-3.0.4.jar;D:\mvn\mvn_house\org\springframework\boot\spring-boot-starter-jdbc\3.4.7\spring-boot-starter-jdbc-3.4.7.jar;D:\mvn\mvn_house\com\zaxxer\HikariCP\5.1.0\HikariCP-5.1.0.jar;D:\mvn\mvn_house\org\springframework\spring-jdbc\6.2.8\spring-jdbc-6.2.8.jar;D:\mvn\mvn_house\org\mybatis\spring\boot\mybatis-spring-boot-autoconfigure\3.0.4\mybatis-spring-boot-autoconfigure-3.0.4.jar;D:\mvn\mvn_house\org\mybatis\mybatis\3.5.17\mybatis-3.5.17.jar;D:\mvn\mvn_house\org\mybatis\mybatis-spring\3.0.4\mybatis-spring-3.0.4.jar;D:\mvn\mvn_house\com\mysql\mysql-connector-j\9.1.0\mysql-connector-j-9.1.0.jar;D:\mvn\mvn_house\org\projectlombok\lombok\1.18.38\lombok-1.18.38.jar;D:\mvn\mvn_house\org\springframework\boot\spring-boot-starter-test\3.4.7\spring-boot-starter-test-3.4.7.jar;D:\mvn\mvn_house\org\springframework\boot\spring-boot-test\3.4.7\spring-boot-test-3.4.7.jar;D:\mvn\mvn_house\org\springframework\boot\spring-boot-test-autoconfigure\3.4.7\spring-boot-test-autoconfigure-3.4.7.jar;D:\mvn\mvn_house\com\jayway\jsonpath\json-path\2.9.0\json-path-2.9.0.jar;D:\mvn\mvn_house\org\slf4j\slf4j-api\2.0.17\slf4j-api-2.0.17.jar;D:\mvn\mvn_house\jakarta\xml\bind\jakarta.xml.bind-api\4.0.2\jakarta.xml.bind-api-4.0.2.jar;D:\mvn\mvn_house\jakarta\activation\jakarta.activation-api\2.1.3\jakarta.activation-api-2.1.3.jar;D:\mvn\mvn_house\net\minidev\json-smart\2.5.2\json-smart-2.5.2.jar;D:\mvn\mvn_house\net\minidev\accessors-smart\2.5.2\accessors-smart-2.5.2.jar;D:\mvn\mvn_house\org\ow2\asm\asm\9.7.1\asm-9.7.1.jar;D:\mvn\mvn_house\org\assertj\assertj-core\3.26.3\assertj-core-3.26.3.jar;D:\mvn\mvn_house\net\bytebuddy\byte-buddy\1.15.11\byte-buddy-1.15.11.jar;D:\mvn\mvn_house\org\awaitility\awaitility\4.2.2\awaitility-4.2.2.jar;D:\mvn\mvn_house\org\hamcrest\hamcrest\2.2\hamcrest-2.2.jar;D:\mvn\mvn_house\org\junit\jupiter\junit-jupiter\5.11.4\junit-jupiter-5.11.4.jar;D:\mvn\mvn_house\org\junit\jupiter\junit-jupiter-api\5.11.4\junit-jupiter-api-5.11.4.jar;D:\mvn\mvn_house\org\opentest4j\opentest4j\1.3.0\opentest4j-1.3.0.jar;D:\mvn\mvn_house\org\junit\platform\junit-platform-commons\1.11.4\junit-platform-commons-1.11.4.jar;D:\mvn\mvn_house\org\apiguardian\apiguardian-api\1.1.2\apiguardian-api-1.1.2.jar;D:\mvn\mvn_house\org\junit\jupiter\junit-jupiter-params\5.11.4\junit-jupiter-params-5.11.4.jar;D:\mvn\mvn_house\org\junit\jupiter\junit-jupiter-engine\5.11.4\junit-jupiter-engine-5.11.4.jar;D:\mvn\mvn_house\org\junit\platform\junit-platform-engine\1.11.4\junit-platform-engine-1.11.4.jar;D:\mvn\mvn_house\org\mockito\mockito-core\5.14.2\mockito-core-5.14.2.jar;D:\mvn\mvn_house\net\bytebuddy\byte-buddy-agent\1.15.11\byte-buddy-agent-1.15.11.jar;D:\mvn\mvn_house\org\objenesis\objenesis\3.3\objenesis-3.3.jar;D:\mvn\mvn_house\org\mockito\mockito-junit-jupiter\5.14.2\mockito-junit-jupiter-5.14.2.jar;D:\mvn\mvn_house\org\skyscreamer\jsonassert\1.5.3\jsonassert-1.5.3.jar;D:\mvn\mvn_house\com\vaadin\external\google\android-json\0.0.20131108.vaadin1\android-json-0.0.20131108.vaadin1.jar;D:\mvn\mvn_house\org\springframework\spring-core\6.2.8\spring-core-6.2.8.jar;D:\mvn\mvn_house\org\springframework\spring-jcl\6.2.8\spring-jcl-6.2.8.jar;D:\mvn\mvn_house\org\springframework\spring-test\6.2.8\spring-test-6.2.8.jar;D:\mvn\mvn_house\org\xmlunit\xmlunit-core\2.10.2\xmlunit-core-2.10.2.jar;D:\mvn\mvn_house\org\mybatis\spring\boot\mybatis-spring-boot-starter-test\3.0.4\mybatis-spring-boot-starter-test-3.0.4.jar;D:\mvn\mvn_house\org\mybatis\spring\boot\mybatis-spring-boot-test-autoconfigure\3.0.4\mybatis-spring-boot-test-autoconfigure-3.0.4.jar;D:\mvn\mvn_house\org\springframework\spring-tx\6.2.8\spring-tx-6.2.8.jar;D:\mvn\mvn_house\com\github\pagehelper\pagehelper-spring-boot-starter\1.4.7\pagehelper-spring-boot-starter-1.4.7.jar;D:\mvn\mvn_house\com\github\pagehelper\pagehelper-spring-boot-autoconfigure\1.4.7\pagehelper-spring-boot-autoconfigure-1.4.7.jar;D:\mvn\mvn_house\com\github\pagehelper\pagehelper\5.3.3\pagehelper-5.3.3.jar;D:\mvn\mvn_house\com\github\jsqlparser\jsqlparser\4.5\jsqlparser-4.5.jar;"/>
    <property name="java.vm.vendor" value="Oracle Corporation"/>
    <property name="sun.arch.data.model" value="64"/>
    <property name="user.variant" value=""/>
    <property name="java.vendor.url" value="https://java.oracle.com/"/>
    <property name="user.timezone" value="Asia/Hong_Kong"/>
    <property name="os.name" value="Windows 11"/>
    <property name="java.vm.specification.version" value="17"/>
    <property name="sun.java.launcher" value="SUN_STANDARD"/>
    <property name="user.country" value="CN"/>
    <property name="sun.boot.library.path" value="C:\Users\jy\Desktop\jdk-17.0.2\bin"/>
    <property name="sun.java.command" value="C:\Users\jy\AppData\Local\Temp\surefire4300200664507870880\surefirebooter-20250724085247541_3.jar C:\Users\jy\AppData\Local\Temp\surefire4300200664507870880 2025-07-24T08-52-41_464-jvmRun1 surefire-20250724085247541_1tmp surefire_0-20250724085247541_2tmp"/>
    <property name="jdk.debug" value="release"/>
    <property name="surefire.test.class.path" value="F:\JB\web-ai-project02\tlias-web-management\target\test-classes;F:\JB\web-ai-project02\tlias-web-management\target\classes;D:\mvn\mvn_house\org\springframework\boot\spring-boot-starter-web\3.4.7\spring-boot-starter-web-3.4.7.jar;D:\mvn\mvn_house\org\springframework\boot\spring-boot-starter\3.4.7\spring-boot-starter-3.4.7.jar;D:\mvn\mvn_house\org\springframework\boot\spring-boot\3.4.7\spring-boot-3.4.7.jar;D:\mvn\mvn_house\org\springframework\boot\spring-boot-autoconfigure\3.4.7\spring-boot-autoconfigure-3.4.7.jar;D:\mvn\mvn_house\org\springframework\boot\spring-boot-starter-logging\3.4.7\spring-boot-starter-logging-3.4.7.jar;D:\mvn\mvn_house\ch\qos\logback\logback-classic\1.5.18\logback-classic-1.5.18.jar;D:\mvn\mvn_house\ch\qos\logback\logback-core\1.5.18\logback-core-1.5.18.jar;D:\mvn\mvn_house\org\apache\logging\log4j\log4j-to-slf4j\2.24.3\log4j-to-slf4j-2.24.3.jar;D:\mvn\mvn_house\org\apache\logging\log4j\log4j-api\2.24.3\log4j-api-2.24.3.jar;D:\mvn\mvn_house\org\slf4j\jul-to-slf4j\2.0.17\jul-to-slf4j-2.0.17.jar;D:\mvn\mvn_house\jakarta\annotation\jakarta.annotation-api\2.1.1\jakarta.annotation-api-2.1.1.jar;D:\mvn\mvn_house\org\yaml\snakeyaml\2.3\snakeyaml-2.3.jar;D:\mvn\mvn_house\org\springframework\boot\spring-boot-starter-json\3.4.7\spring-boot-starter-json-3.4.7.jar;D:\mvn\mvn_house\com\fasterxml\jackson\core\jackson-databind\2.18.4\jackson-databind-2.18.4.jar;D:\mvn\mvn_house\com\fasterxml\jackson\core\jackson-annotations\2.18.4\jackson-annotations-2.18.4.jar;D:\mvn\mvn_house\com\fasterxml\jackson\core\jackson-core\2.18.4.1\jackson-core-2.18.4.1.jar;D:\mvn\mvn_house\com\fasterxml\jackson\datatype\jackson-datatype-jdk8\2.18.4\jackson-datatype-jdk8-2.18.4.jar;D:\mvn\mvn_house\com\fasterxml\jackson\datatype\jackson-datatype-jsr310\2.18.4\jackson-datatype-jsr310-2.18.4.jar;D:\mvn\mvn_house\com\fasterxml\jackson\module\jackson-module-parameter-names\2.18.4\jackson-module-parameter-names-2.18.4.jar;D:\mvn\mvn_house\org\springframework\boot\spring-boot-starter-tomcat\3.4.7\spring-boot-starter-tomcat-3.4.7.jar;D:\mvn\mvn_house\org\apache\tomcat\embed\tomcat-embed-core\10.1.42\tomcat-embed-core-10.1.42.jar;D:\mvn\mvn_house\org\apache\tomcat\embed\tomcat-embed-el\10.1.42\tomcat-embed-el-10.1.42.jar;D:\mvn\mvn_house\org\apache\tomcat\embed\tomcat-embed-websocket\10.1.42\tomcat-embed-websocket-10.1.42.jar;D:\mvn\mvn_house\org\springframework\spring-web\6.2.8\spring-web-6.2.8.jar;D:\mvn\mvn_house\org\springframework\spring-beans\6.2.8\spring-beans-6.2.8.jar;D:\mvn\mvn_house\io\micrometer\micrometer-observation\1.14.8\micrometer-observation-1.14.8.jar;D:\mvn\mvn_house\io\micrometer\micrometer-commons\1.14.8\micrometer-commons-1.14.8.jar;D:\mvn\mvn_house\org\springframework\spring-webmvc\6.2.8\spring-webmvc-6.2.8.jar;D:\mvn\mvn_house\org\springframework\spring-aop\6.2.8\spring-aop-6.2.8.jar;D:\mvn\mvn_house\org\springframework\spring-context\6.2.8\spring-context-6.2.8.jar;D:\mvn\mvn_house\org\springframework\spring-expression\6.2.8\spring-expression-6.2.8.jar;D:\mvn\mvn_house\org\mybatis\spring\boot\mybatis-spring-boot-starter\3.0.4\mybatis-spring-boot-starter-3.0.4.jar;D:\mvn\mvn_house\org\springframework\boot\spring-boot-starter-jdbc\3.4.7\spring-boot-starter-jdbc-3.4.7.jar;D:\mvn\mvn_house\com\zaxxer\HikariCP\5.1.0\HikariCP-5.1.0.jar;D:\mvn\mvn_house\org\springframework\spring-jdbc\6.2.8\spring-jdbc-6.2.8.jar;D:\mvn\mvn_house\org\mybatis\spring\boot\mybatis-spring-boot-autoconfigure\3.0.4\mybatis-spring-boot-autoconfigure-3.0.4.jar;D:\mvn\mvn_house\org\mybatis\mybatis\3.5.17\mybatis-3.5.17.jar;D:\mvn\mvn_house\org\mybatis\mybatis-spring\3.0.4\mybatis-spring-3.0.4.jar;D:\mvn\mvn_house\com\mysql\mysql-connector-j\9.1.0\mysql-connector-j-9.1.0.jar;D:\mvn\mvn_house\org\projectlombok\lombok\1.18.38\lombok-1.18.38.jar;D:\mvn\mvn_house\org\springframework\boot\spring-boot-starter-test\3.4.7\spring-boot-starter-test-3.4.7.jar;D:\mvn\mvn_house\org\springframework\boot\spring-boot-test\3.4.7\spring-boot-test-3.4.7.jar;D:\mvn\mvn_house\org\springframework\boot\spring-boot-test-autoconfigure\3.4.7\spring-boot-test-autoconfigure-3.4.7.jar;D:\mvn\mvn_house\com\jayway\jsonpath\json-path\2.9.0\json-path-2.9.0.jar;D:\mvn\mvn_house\org\slf4j\slf4j-api\2.0.17\slf4j-api-2.0.17.jar;D:\mvn\mvn_house\jakarta\xml\bind\jakarta.xml.bind-api\4.0.2\jakarta.xml.bind-api-4.0.2.jar;D:\mvn\mvn_house\jakarta\activation\jakarta.activation-api\2.1.3\jakarta.activation-api-2.1.3.jar;D:\mvn\mvn_house\net\minidev\json-smart\2.5.2\json-smart-2.5.2.jar;D:\mvn\mvn_house\net\minidev\accessors-smart\2.5.2\accessors-smart-2.5.2.jar;D:\mvn\mvn_house\org\ow2\asm\asm\9.7.1\asm-9.7.1.jar;D:\mvn\mvn_house\org\assertj\assertj-core\3.26.3\assertj-core-3.26.3.jar;D:\mvn\mvn_house\net\bytebuddy\byte-buddy\1.15.11\byte-buddy-1.15.11.jar;D:\mvn\mvn_house\org\awaitility\awaitility\4.2.2\awaitility-4.2.2.jar;D:\mvn\mvn_house\org\hamcrest\hamcrest\2.2\hamcrest-2.2.jar;D:\mvn\mvn_house\org\junit\jupiter\junit-jupiter\5.11.4\junit-jupiter-5.11.4.jar;D:\mvn\mvn_house\org\junit\jupiter\junit-jupiter-api\5.11.4\junit-jupiter-api-5.11.4.jar;D:\mvn\mvn_house\org\opentest4j\opentest4j\1.3.0\opentest4j-1.3.0.jar;D:\mvn\mvn_house\org\junit\platform\junit-platform-commons\1.11.4\junit-platform-commons-1.11.4.jar;D:\mvn\mvn_house\org\apiguardian\apiguardian-api\1.1.2\apiguardian-api-1.1.2.jar;D:\mvn\mvn_house\org\junit\jupiter\junit-jupiter-params\5.11.4\junit-jupiter-params-5.11.4.jar;D:\mvn\mvn_house\org\junit\jupiter\junit-jupiter-engine\5.11.4\junit-jupiter-engine-5.11.4.jar;D:\mvn\mvn_house\org\junit\platform\junit-platform-engine\1.11.4\junit-platform-engine-1.11.4.jar;D:\mvn\mvn_house\org\mockito\mockito-core\5.14.2\mockito-core-5.14.2.jar;D:\mvn\mvn_house\net\bytebuddy\byte-buddy-agent\1.15.11\byte-buddy-agent-1.15.11.jar;D:\mvn\mvn_house\org\objenesis\objenesis\3.3\objenesis-3.3.jar;D:\mvn\mvn_house\org\mockito\mockito-junit-jupiter\5.14.2\mockito-junit-jupiter-5.14.2.jar;D:\mvn\mvn_house\org\skyscreamer\jsonassert\1.5.3\jsonassert-1.5.3.jar;D:\mvn\mvn_house\com\vaadin\external\google\android-json\0.0.20131108.vaadin1\android-json-0.0.20131108.vaadin1.jar;D:\mvn\mvn_house\org\springframework\spring-core\6.2.8\spring-core-6.2.8.jar;D:\mvn\mvn_house\org\springframework\spring-jcl\6.2.8\spring-jcl-6.2.8.jar;D:\mvn\mvn_house\org\springframework\spring-test\6.2.8\spring-test-6.2.8.jar;D:\mvn\mvn_house\org\xmlunit\xmlunit-core\2.10.2\xmlunit-core-2.10.2.jar;D:\mvn\mvn_house\org\mybatis\spring\boot\mybatis-spring-boot-starter-test\3.0.4\mybatis-spring-boot-starter-test-3.0.4.jar;D:\mvn\mvn_house\org\mybatis\spring\boot\mybatis-spring-boot-test-autoconfigure\3.0.4\mybatis-spring-boot-test-autoconfigure-3.0.4.jar;D:\mvn\mvn_house\org\springframework\spring-tx\6.2.8\spring-tx-6.2.8.jar;D:\mvn\mvn_house\com\github\pagehelper\pagehelper-spring-boot-starter\1.4.7\pagehelper-spring-boot-starter-1.4.7.jar;D:\mvn\mvn_house\com\github\pagehelper\pagehelper-spring-boot-autoconfigure\1.4.7\pagehelper-spring-boot-autoconfigure-1.4.7.jar;D:\mvn\mvn_house\com\github\pagehelper\pagehelper\5.3.3\pagehelper-5.3.3.jar;D:\mvn\mvn_house\com\github\jsqlparser\jsqlparser\4.5\jsqlparser-4.5.jar;"/>
    <property name="sun.cpu.endian" value="little"/>
    <property name="user.home" value="C:\Users\jy"/>
    <property name="user.language" value="zh"/>
    <property name="java.specification.vendor" value="Oracle Corporation"/>
    <property name="java.version.date" value="2022-01-18"/>
    <property name="java.home" value="C:\Users\jy\Desktop\jdk-17.0.2"/>
    <property name="file.separator" value="\"/>
    <property name="basedir" value="F:\JB\web-ai-project02\tlias-web-management"/>
    <property name="java.vm.compressedOopsMode" value="Zero based"/>
    <property name="line.separator" value="&#10;"/>
    <property name="java.vm.specification.vendor" value="Oracle Corporation"/>
    <property name="java.specification.name" value="Java Platform API Specification"/>
    <property name="FILE_LOG_CHARSET" value="GBK"/>
    <property name="java.awt.headless" value="true"/>
    <property name="surefire.real.class.path" value="C:\Users\jy\AppData\Local\Temp\surefire4300200664507870880\surefirebooter-20250724085247541_3.jar"/>
    <property name="user.script" value=""/>
    <property name="sun.management.compiler" value="HotSpot 64-Bit Tiered Compilers"/>
    <property name="java.runtime.version" value="17.0.2+8-LTS-86"/>
    <property name="user.name" value="jy"/>
    <property name="path.separator" value=";"/>
    <property name="os.version" value="10.0"/>
    <property name="java.runtime.name" value="Java(TM) SE Runtime Environment"/>
    <property name="file.encoding" value="GBK"/>
    <property name="java.vm.name" value="Java HotSpot(TM) 64-Bit Server VM"/>
    <property name="localRepository" value="D:\mvn\mvn_house"/>
    <property name="java.vendor.url.bug" value="https://bugreport.java.com/bugreport/"/>
    <property name="java.io.tmpdir" value="C:\Users\jy\AppData\Local\Temp\"/>
    <property name="idea.version" value="2025.1.3"/>
    <property name="java.version" value="17.0.2"/>
    <property name="user.dir" value="F:\JB\web-ai-project02\tlias-web-management"/>
    <property name="os.arch" value="amd64"/>
    <property name="java.vm.specification.name" value="Java Virtual Machine Specification"/>
    <property name="PID" value="33960"/>
    <property name="sun.os.patch.level" value=""/>
    <property name="CONSOLE_LOG_CHARSET" value="GBK"/>
    <property name="native.encoding" value="GBK"/>
    <property name="java.library.path" value="C:\Users\jy\Desktop\jdk-17.0.2\bin;C:\WINDOWS\Sun\Java\bin;C:\WINDOWS\system32;C:\WINDOWS;C:\Windows\System64;D:\mysql\mysql-8.0.34-winx64\bin;C:\Users\jy\Desktop\jdk-17.0.2\bin;C:\oraclexe\app\oracle\product\11.2.0\server\bin;C:\Program Files\Microsoft MPI\Bin\;C:\WINDOWS\system32;C:\WINDOWS;C:\WINDOWS\System32\Wbem;C:\WINDOWS\System32\WindowsPowerShell\v1.0\;C:\WINDOWS\System32\OpenSSH\;C:\Program Files (x86)\NVIDIA Corporation\PhysX\Common;C:\Program Files\Bandizip\;C:\Program Files\dotnet\;C:\Program Files (x86)\Microsoft SQL Server\160\Tools\Binn\;C:\Program Files\Microsoft SQL Server\160\Tools\Binn\;C:\Program Files\Microsoft SQL Server\Client SDK\ODBC\170\Tools\Binn\;C:\Program Files\Microsoft SQL Server\160\DTS\Binn\;C:\Program Files (x86)\Microsoft SQL Server\160\DTS\Binn\;C:\Program Files\NVIDIA Corporation\NVIDIA app\NvDLISR;D:\mvn\bin;D:\Program Files\Tencent\QQNT;F:\nodejs\;C:\Program Files\Git\cmd;F:\Python38\Scripts\;F:\Python38\;C:\Users\jy\AppData\Local\Microsoft\WindowsApps;C:\Users\jy\.dotnet\tools;F:\PyCharm 2024.1.2\bin;;C:\Users\jy\AppData\Roaming\npm;F:\Microsoft VS Code\bin;F:\DataGrip 2025.1.3\bin;;."/>
    <property name="java.vm.info" value="mixed mode, sharing"/>
    <property name="java.vendor" value="Oracle Corporation"/>
    <property name="java.vm.version" value="17.0.2+8-LTS-86"/>
    <property name="sun.io.unicode.encoding" value="UnicodeLittle"/>
    <property name="java.class.version" value="61.0"/>
  </properties>
  <testcase name="contextLoads" classname="com.example.TliasWebManagementApplicationTests" time="0.593">
    <system-out><![CDATA[2025-07-24 08:52:48.803 [main] INFO  o.s.t.c.s.AnnotationConfigContextLoaderUtils-Could not detect default configuration classes for test class [com.example.TliasWebManagementApplicationTests]: TliasWebManagementApplicationTests does not declare any static, non-private, non-final, nested classes annotated with @Configuration.
2025-07-24 08:52:48.909 [main] INFO  o.s.b.t.c.SpringBootTestContextBootstrapper-Found @SpringBootConfiguration com.example.TliasWebManagementApplication for test class com.example.TliasWebManagementApplicationTests
08:52:49,133 |-INFO in ch.qos.logback.core.model.processor.AppenderModelHandler - Processing appender named [STDOUT]
08:52:49,133 |-INFO in ch.qos.logback.core.model.processor.AppenderModelHandler - About to instantiate appender of type [ch.qos.logback.core.ConsoleAppender]
08:52:49,133 |-INFO in ch.qos.logback.core.ConsoleAppender[STDOUT] - BEWARE: Writing to the console can be very slow. Avoid logging to the 
08:52:49,133 |-INFO in ch.qos.logback.core.ConsoleAppender[STDOUT] - console in production environments, especially in high volume systems.
08:52:49,133 |-INFO in ch.qos.logback.core.ConsoleAppender[STDOUT] - See also https://logback.qos.ch/codes.html#slowConsole
08:52:49,133 |-WARN in ch.qos.logback.core.model.processor.AppenderModelHandler - Appender named [FILE] not referenced. Skipping further processing.
08:52:49,133 |-INFO in ch.qos.logback.classic.model.processor.RootLoggerModelHandler - Setting level of ROOT logger to INFO
08:52:49,134 |-INFO in ch.qos.logback.classic.jul.LevelChangePropagator@5486887b - Propagating INFO level on Logger[ROOT] onto the JUL framework
08:52:49,134 |-INFO in ch.qos.logback.core.model.processor.AppenderRefModelHandler - Attaching appender named [STDOUT] to Logger[ROOT]
08:52:49,134 |-INFO in ch.qos.logback.core.model.processor.DefaultProcessor@5226e402 - End of configuration.
08:52:49,134 |-INFO in org.springframework.boot.logging.logback.SpringBootJoranConfigurator@1440c311 - Registering current configuration as safe fallback point


  .   ____          _            __ _ _
 /\\ / ___'_ __ _ _(_)_ __  __ _ \ \ \ \
( ( )\___ | '_ | '_| | '_ \/ _` | \ \ \ \
 \\/  ___)| |_)| | | | | || (_| |  ) ) ) )
  '  |____| .__|_| |_|_| |_\__, | / / / /
 =========|_|==============|___/=/_/_/_/

 :: Spring Boot ::                (v3.4.7)

2025-07-24 08:52:49.189 [main] INFO  c.e.TliasWebManagementApplicationTests-Starting TliasWebManagementApplicationTests using Java 17.0.2 with PID 33960 (started by jy in F:\JB\web-ai-project02\tlias-web-management)
2025-07-24 08:52:49.191 [main] INFO  c.e.TliasWebManagementApplicationTests-No active profile set, falling back to 1 default profile: "default"
Logging initialized using 'class org.apache.ibatis.logging.stdout.StdOutImpl' adapter.


,------.                           ,--.  ,--.         ,--.                         
|  .--. '  ,--,--.  ,---.   ,---.  |  '--'  |  ,---.  |  |  ,---.   ,---.  ,--.--. 
|  '--' | ' ,-.  | | .-. | | .-. : |  .--.  | | .-. : |  | | .-. | | .-. : |  .--' 
|  | --'  \ '-'  | ' '-' ' \   --. |  |  |  | \   --. |  | | '-' ' \   --. |  |    
`--'       `--`--' .`-  /   `----' `--'  `--'  `----' `--' |  |-'   `----' `--'    
                   `---'                                   `--'                        is intercepting.

2025-07-24 08:52:50.667 [main] INFO  c.e.TliasWebManagementApplicationTests-Started TliasWebManagementApplicationTests in 1.664 seconds (process running for 3.02)
]]></system-out>
  </testcase>
</testsuite>